<?xml version="1.0" encoding="UTF-8"?>
<!-- Generated by org.testng.reporters.JUnitReportReporter -->
<testsuite hostname="DESKTOP-9N3PBG2" failures="0" tests="2" name="TestNG.dataproviderEx1" time="0.047" errors="0" timestamp="2024-11-29T22:43:03 GMT-08:00" skipped="0">
  <testcase classname="TestNG.dataproviderEx1" name="bookTickets" time="0.010"/>
  <testcase classname="TestNG.dataproviderEx1" name="bookTickets" time="0.037"/>
</testsuite> <!-- TestNG.dataproviderEx1 -->
