<?xml version="1.0" encoding="UTF-8"?>
<!-- Generated by org.testng.reporters.JUnitReportReporter -->
<testsuite hostname="DESKTOP-9N3PBG2" failures="0" tests="1" name="Organisation.ToCreateAndDeleteProductTest" time="25.617" errors="0" timestamp="2024-12-15T09:07:09 GMT-08:00" skipped="0">
  <testcase classname="Organisation.ToCreateAndDeleteProductTest" name="CreateAndDeleteProductTest" time="25.617"/>
  <system-out/>
</testsuite> <!-- Organisation.ToCreateAndDeleteProductTest -->
