<?xml version="1.0" encoding="UTF-8"?>
<!-- Generated by org.testng.reporters.JUnitReportReporter -->
<testsuite hostname="DESKTOP-9N3PBG2" failures="0" tests="1" name="Organisation.CreateProductTest" time="22.160" errors="0" timestamp="2024-12-15T08:29:45 GMT-08:00" skipped="0">
  <testcase classname="Organisation.CreateProductTest" name="createProductTest" time="22.160"/>
  <system-out/>
</testsuite> <!-- Organisation.CreateProductTest -->
