<?xml version="1.0" encoding="UTF-8"?>
<!-- Generated by org.testng.reporters.JUnitReportReporter -->
<testsuite hostname="DESKTOP-9N3PBG2" failures="0" tests="1" name="Organisation.CreateCampaignTest" time="19.487" errors="0" timestamp="2024-12-02T22:17:29 GMT-08:00" skipped="0">
  <testcase classname="Organisation.CreateCampaignTest" name="createCampaignTest" time="19.487"/>
  <system-out/>
</testsuite> <!-- Organisation.CreateCampaignTest -->
