<?xml version="1.0" encoding="UTF-8"?>
<!-- Generated by org.testng.reporters.JUnitReportReporter -->
<testsuite hostname="DESKTOP-9N3PBG2" failures="0" tests="3" name="TestNG.dataProviderEx2" time="69.029" errors="0" timestamp="2024-11-29T23:11:29 GMT-08:00" skipped="0">
  <testcase classname="TestNG.dataProviderEx2" name="createOrganization" time="22.639"/>
  <testcase classname="TestNG.dataProviderEx2" name="createOrganization" time="23.902"/>
  <testcase classname="TestNG.dataProviderEx2" name="createOrganization" time="22.488"/>
</testsuite> <!-- TestNG.dataProviderEx2 -->
